<?xml version="1.0" encoding="UTF-8"?>
<testsuite xmlns:xsi="http://www.w3.org/2001/XMLSchema-instance" xsi:noNamespaceSchemaLocation="https://maven.apache.org/surefire/maven-surefire-plugin/xsd/surefire-test-report.xsd" version="3.0.1" name="org.univ_paris8.iut.montreuil.qdev.tp2025.gr03.jeuQuizz.AppTest" time="0.127" tests="4" errors="0" skipped="0" failures="0">
  <properties>
    <property name="java.specification.version" value="17"/>
    <property name="sun.jnu.encoding" value="UTF-8"/>
    <property name="java.class.path" value="/home/etudiants/info/moloughlin/qualite dev s4/BUT2-R4.02-2025-03_MAMAM-joueur-SM/target/test-classes:/home/etudiants/info/moloughlin/qualite dev s4/BUT2-R4.02-2025-03_MAMAM-joueur-SM/target/classes:/home/etudiants/info/moloughlin/.m2/repository/org/junit/jupiter/junit-jupiter-api/5.11.0/junit-jupiter-api-5.11.0.jar:/home/etudiants/info/moloughlin/.m2/repository/org/opentest4j/opentest4j/1.3.0/opentest4j-1.3.0.jar:/home/etudiants/info/moloughlin/.m2/repository/org/junit/platform/junit-platform-commons/1.11.0/junit-platform-commons-1.11.0.jar:/home/etudiants/info/moloughlin/.m2/repository/org/apiguardian/apiguardian-api/1.1.2/apiguardian-api-1.1.2.jar:/home/etudiants/info/moloughlin/.m2/repository/org/junit/jupiter/junit-jupiter-params/5.11.0/junit-jupiter-params-5.11.0.jar:"/>
    <property name="java.vm.vendor" value="Oracle Corporation"/>
    <property name="sun.arch.data.model" value="64"/>
    <property name="java.vendor.url" value="https://java.oracle.com/"/>
    <property name="os.name" value="Linux"/>
    <property name="java.vm.specification.version" value="17"/>
    <property name="sun.java.launcher" value="SUN_STANDARD"/>
    <property name="user.country" value="FR"/>
    <property name="sun.boot.library.path" value="/usr/lib/jvm/java-17-oracle/lib"/>
    <property name="sun.java.command" value="/home/etudiants/info/moloughlin/qualite dev s4/BUT2-R4.02-2025-03_MAMAM-joueur-SM/target/surefire/surefirebooter-20250408161934812_3.jar /home/etudiants/info/moloughlin/qualite dev s4/BUT2-R4.02-2025-03_MAMAM-joueur-SM/target/surefire 2025-04-08T16-19-34_559-jvmRun1 surefire-20250408161934812_1tmp surefire_0-20250408161934812_2tmp"/>
    <property name="jdk.debug" value="release"/>
    <property name="surefire.test.class.path" value="/home/etudiants/info/moloughlin/qualite dev s4/BUT2-R4.02-2025-03_MAMAM-joueur-SM/target/test-classes:/home/etudiants/info/moloughlin/qualite dev s4/BUT2-R4.02-2025-03_MAMAM-joueur-SM/target/classes:/home/etudiants/info/moloughlin/.m2/repository/org/junit/jupiter/junit-jupiter-api/5.11.0/junit-jupiter-api-5.11.0.jar:/home/etudiants/info/moloughlin/.m2/repository/org/opentest4j/opentest4j/1.3.0/opentest4j-1.3.0.jar:/home/etudiants/info/moloughlin/.m2/repository/org/junit/platform/junit-platform-commons/1.11.0/junit-platform-commons-1.11.0.jar:/home/etudiants/info/moloughlin/.m2/repository/org/apiguardian/apiguardian-api/1.1.2/apiguardian-api-1.1.2.jar:/home/etudiants/info/moloughlin/.m2/repository/org/junit/jupiter/junit-jupiter-params/5.11.0/junit-jupiter-params-5.11.0.jar:"/>
    <property name="sun.cpu.endian" value="little"/>
    <property name="user.home" value="/home/etudiants/info/moloughlin"/>
    <property name="user.language" value="fr"/>
    <property name="java.specification.vendor" value="Oracle Corporation"/>
    <property name="java.version.date" value="2023-01-17"/>
    <property name="java.home" value="/usr/lib/jvm/java-17-oracle"/>
    <property name="file.separator" value="/"/>
    <property name="basedir" value="/home/etudiants/info/moloughlin/qualite dev s4/BUT2-R4.02-2025-03_MAMAM-joueur-SM"/>
    <property name="java.vm.compressedOopsMode" value="32-bit"/>
    <property name="line.separator" value="&#10;"/>
    <property name="java.vm.specification.vendor" value="Oracle Corporation"/>
    <property name="java.specification.name" value="Java Platform API Specification"/>
    <property name="surefire.real.class.path" value="/home/etudiants/info/moloughlin/qualite dev s4/BUT2-R4.02-2025-03_MAMAM-joueur-SM/target/surefire/surefirebooter-20250408161934812_3.jar"/>
    <property name="sun.management.compiler" value="HotSpot 64-Bit Tiered Compilers"/>
    <property name="java.runtime.version" value="17.0.6+9-LTS-190"/>
    <property name="user.name" value="moloughlin"/>
    <property name="path.separator" value=":"/>
    <property name="os.version" value="6.8.0-52-generic"/>
    <property name="java.runtime.name" value="Java(TM) SE Runtime Environment"/>
    <property name="file.encoding" value="UTF-8"/>
    <property name="java.vm.name" value="Java HotSpot(TM) 64-Bit Server VM"/>
    <property name="localRepository" value="/home/etudiants/info/moloughlin/.m2/repository"/>
    <property name="java.vendor.url.bug" value="https://bugreport.java.com/bugreport/"/>
    <property name="java.io.tmpdir" value="/tmp"/>
    <property name="idea.version" value="2024.1.3"/>
    <property name="java.version" value="17.0.6"/>
    <property name="user.dir" value="/home/etudiants/info/moloughlin/qualite dev s4/BUT2-R4.02-2025-03_MAMAM-joueur-SM"/>
    <property name="os.arch" value="amd64"/>
    <property name="java.vm.specification.name" value="Java Virtual Machine Specification"/>
    <property name="native.encoding" value="UTF-8"/>
    <property name="java.library.path" value="/usr/java/packages/lib:/usr/lib64:/lib64:/lib:/usr/lib"/>
    <property name="java.vm.info" value="mixed mode, sharing"/>
    <property name="java.vendor" value="Oracle Corporation"/>
    <property name="java.vm.version" value="17.0.6+9-LTS-190"/>
    <property name="sun.io.unicode.encoding" value="UnicodeLittle"/>
    <property name="java.class.version" value="61.0"/>
  </properties>
  <testcase name="shouldAnswerWithTrue" classname="org.univ_paris8.iut.montreuil.qdev.tp2025.gr03.jeuQuizz.AppTest" time="0.036"/>
  <testcase name="ajouterJoueurTestok" classname="org.univ_paris8.iut.montreuil.qdev.tp2025.gr03.jeuQuizz.AppTest" time="0.008"/>
  <testcase name="pseudoJoueurExistantTestok" classname="org.univ_paris8.iut.montreuil.qdev.tp2025.gr03.jeuQuizz.AppTest" time="0.006"/>
  <testcase name="centreDinteretInvalideTestok" classname="org.univ_paris8.iut.montreuil.qdev.tp2025.gr03.jeuQuizz.AppTest" time="0.001"/>
</testsuite>